mode: set
github.com/influxdata/telegraf/plugins/outputs/cloudrun/cloudrun.go:70.70,72.2 1 1
github.com/influxdata/telegraf/plugins/outputs/cloudrun/cloudrun.go:74.37,75.22 1 1
github.com/influxdata/telegraf/plugins/outputs/cloudrun/cloudrun.go:79.2,79.12 1 0
github.com/influxdata/telegraf/plugins/outputs/cloudrun/cloudrun.go:75.22,77.3 1 1
github.com/influxdata/telegraf/plugins/outputs/cloudrun/cloudrun.go:82.48,88.16 5 1
github.com/influxdata/telegraf/plugins/outputs/cloudrun/cloudrun.go:92.2,93.16 2 1
github.com/influxdata/telegraf/plugins/outputs/cloudrun/cloudrun.go:97.2,98.12 2 1
github.com/influxdata/telegraf/plugins/outputs/cloudrun/cloudrun.go:88.16,90.3 1 1
github.com/influxdata/telegraf/plugins/outputs/cloudrun/cloudrun.go:93.16,95.3 1 0
github.com/influxdata/telegraf/plugins/outputs/cloudrun/cloudrun.go:101.63,103.16 2 1
github.com/influxdata/telegraf/plugins/outputs/cloudrun/cloudrun.go:107.2,108.16 2 1
github.com/influxdata/telegraf/plugins/outputs/cloudrun/cloudrun.go:112.2,119.16 3 1
github.com/influxdata/telegraf/plugins/outputs/cloudrun/cloudrun.go:123.2,124.12 2 1
github.com/influxdata/telegraf/plugins/outputs/cloudrun/cloudrun.go:103.16,105.3 1 1
github.com/influxdata/telegraf/plugins/outputs/cloudrun/cloudrun.go:108.16,110.3 1 0
github.com/influxdata/telegraf/plugins/outputs/cloudrun/cloudrun.go:119.16,121.3 1 0
github.com/influxdata/telegraf/plugins/outputs/cloudrun/cloudrun.go:127.35,129.2 1 1
github.com/influxdata/telegraf/plugins/outputs/cloudrun/cloudrun.go:131.42,133.2 1 0
github.com/influxdata/telegraf/plugins/outputs/cloudrun/cloudrun.go:135.43,137.2 1 0
github.com/influxdata/telegraf/plugins/outputs/cloudrun/cloudrun.go:139.60,141.16 2 1
github.com/influxdata/telegraf/plugins/outputs/cloudrun/cloudrun.go:145.2,145.25 1 1
github.com/influxdata/telegraf/plugins/outputs/cloudrun/cloudrun.go:141.16,143.3 1 0
github.com/influxdata/telegraf/plugins/outputs/cloudrun/cloudrun.go:148.48,152.16 4 1
github.com/influxdata/telegraf/plugins/outputs/cloudrun/cloudrun.go:157.2,158.104 2 1
github.com/influxdata/telegraf/plugins/outputs/cloudrun/cloudrun.go:163.2,163.61 1 1
github.com/influxdata/telegraf/plugins/outputs/cloudrun/cloudrun.go:174.2,182.16 7 1
github.com/influxdata/telegraf/plugins/outputs/cloudrun/cloudrun.go:185.2,187.53 2 1
github.com/influxdata/telegraf/plugins/outputs/cloudrun/cloudrun.go:191.2,191.53 1 1
github.com/influxdata/telegraf/plugins/outputs/cloudrun/cloudrun.go:195.2,195.12 1 1
github.com/influxdata/telegraf/plugins/outputs/cloudrun/cloudrun.go:152.16,154.3 1 0
github.com/influxdata/telegraf/plugins/outputs/cloudrun/cloudrun.go:158.104,160.3 1 1
github.com/influxdata/telegraf/plugins/outputs/cloudrun/cloudrun.go:163.61,169.17 5 1
github.com/influxdata/telegraf/plugins/outputs/cloudrun/cloudrun.go:169.17,171.4 1 1
github.com/influxdata/telegraf/plugins/outputs/cloudrun/cloudrun.go:182.16,184.3 1 0
github.com/influxdata/telegraf/plugins/outputs/cloudrun/cloudrun.go:187.53,189.3 1 0
github.com/influxdata/telegraf/plugins/outputs/cloudrun/cloudrun.go:191.53,193.3 1 0
github.com/influxdata/telegraf/plugins/outputs/cloudrun/cloudrun.go:198.13,199.49 1 1
github.com/influxdata/telegraf/plugins/outputs/cloudrun/cloudrun.go:199.49,201.3 1 0
